<?xml version="1.0" encoding="UTF-8"?>
<!-- Generated by org.testng.reporters.JUnitXMLReporter -->
<testsuite ignored="10" hostname="Gangireddy" failures="1" tests="1" name="AutomationTest" time="0.199" errors="0" timestamp="2022-11-21T06:37:31 PST">
  <testcase classname="TestNGpackage.NewTestng" name="cat" time="0.033">
    <failure type="java.lang.NullPointerException" message="Cannot invoke &amp;quot;org.openqa.selenium.WebDriver.get(String)&amp;quot; because &amp;quot;this.driver&amp;quot; is null">
      <![CDATA[java.lang.NullPointerException: Cannot invoke "org.openqa.selenium.WebDriver.get(String)" because "this.driver" is null
at TestNGpackage.NewTestng.cat(NewTestng.java:40)
at java.base/java.util.ArrayList.forEach(ArrayList.java:1511)
... Removed 27 stack frames]]>
    </failure>
  </testcase> <!-- cat -->
  <testcase classname="TestNGpackage.NewTestng" name="apple" time="0.0">
    <ignored/>
  </testcase> <!-- apple -->
  <testcase classname="TestNGpackage.NewTestng" name="apple" time="0.0">
    <ignored/>
  </testcase> <!-- apple -->
  <testcase classname="TestNGpackage.NewTestng" name="dog" time="0.0">
    <ignored/>
  </testcase> <!-- dog -->
  <testcase classname="TestNGpackage.NewTestng" name="testmethod" time="0.0">
    <ignored/>
  </testcase> <!-- testmethod -->
  <testcase classname="TestNGpackage.NewTestng" name="testmethod" time="0.0">
    <ignored/>
  </testcase> <!-- testmethod -->
  <testcase classname="TestNGpackage.NewTestng" name="dog" time="0.0">
    <ignored/>
  </testcase> <!-- dog -->
  <testcase classname="TestNGpackage.NewTestng" name="ball" time="0.0">
    <ignored/>
  </testcase> <!-- ball -->
  <testcase classname="TestNGpackage.NewTestng" name="ball" time="0.0">
    <ignored/>
  </testcase> <!-- ball -->
  <testcase classname="TestNGpackage.NewTestng" name="cat" time="0.0">
    <ignored/>
  </testcase> <!-- cat -->
  <testcase classname="TestNGpackage.NewTestng1" name="elephant" time="0.0">
    <ignored/>
  </testcase> <!-- elephant -->
</testsuite> <!-- AutomationTest -->
